[    0.000000] Linux version 4.15.0-20-generic (buildd@lgw01-amd64-039) (gcc version 7.3.0 (Ubuntu 7.3.0-16ubuntu3)) #21-Ubuntu SMP Tue Apr 24 06:16:15 UTC 2018 (Ubuntu 4.15.0-20.21-generic 4.15.17)
[    0.000000] Command line: BOOT_IMAGE=/boot/vmlinuz-4.15.0-20-generic root=LABEL=cloudimg-rootfs ro console=tty1 console=ttyS0
[    0.000000] KERNEL supported cpus:
[    0.000000]   Intel GenuineIntel
[    0.000000]   AMD AuthenticAMD
[    0.000000]   Centaur CentaurHauls
[    0.000000] [Firmware Bug]: TSC doesn't count with P0 frequency!
[    0.000000] x86/fpu: x87 FPU will use FXSAVE
[    0.000000] e820: BIOS-provided physical RAM map:
[    0.000000] BIOS-e820: [mem 0x0000000000000000-0x000000000009fbff] usable
[    0.000000] BIOS-e820: [mem 0x000000000009fc00-0x000000000009ffff] reserved
[    0.000000] BIOS-e820: [mem 0x00000000000f0000-0x00000000000fffff] reserved
[    0.000000] BIOS-e820: [mem 0x0000000000100000-0x000000003ffeffff] usable
[    0.000000] BIOS-e820: [mem 0x000000003fff0000-0x000000003fffffff] ACPI data
[    0.000000] BIOS-e820: [mem 0x00000000fec00000-0x00000000fec00fff] reserved
[    0.000000] BIOS-e820: [mem 0x00000000fee00000-0x00000000fee00fff] reserved
[    0.000000] BIOS-e820: [mem 0x00000000fffc0000-0x00000000ffffffff] reserved
[    0.000000] NX (Execute Disable) protection: active
[    0.000000] random: fast init done
[    0.000000] SMBIOS 2.5 present.
[    0.000000] DMI: innotek GmbH VirtualBox/VirtualBox, BIOS VirtualBox 12/01/2006
[    0.000000] Hypervisor detected: KVM
[    0.000000] e820: last_pfn = 0x3fff0 max_arch_pfn = 0x400000000
[    0.000000] MTRR: Disabled
[    0.000000] x86/PAT: MTRRs disabled, skipping PAT initialization too.
[    0.000000] CPU MTRRs all blank - virtualized system.
[    0.000000] x86/PAT: Configuration [0-7]: WB  WT  UC- UC  WB  WT  UC- UC  
[    0.000000] found SMP MP-table at [mem 0x0009fff0-0x0009ffff] mapped at [        (ptrval)]
[    0.000000] Scanning 1 areas for low memory corruption
[    0.000000] RAMDISK: [mem 0x35ac9000-0x36d5bfff]
[    0.000000] ACPI: Early table checksum verification disabled
[    0.000000] ACPI: RSDP 0x00000000000E0000 000024 (v02 VBOX  )
[    0.000000] ACPI: XSDT 0x000000003FFF0030 00003C (v01 VBOX   VBOXXSDT 00000001 ASL  00000061)
[    0.000000] ACPI: FACP 0x000000003FFF00F0 0000F4 (v04 VBOX   VBOXFACP 00000001 ASL  00000061)
[    0.000000] ACPI: DSDT 0x000000003FFF0470 002325 (v02 VBOX   VBOXBIOS 00000002 INTL 20190509)
[    0.000000] ACPI: FACS 0x000000003FFF0200 000040
[    0.000000] ACPI: FACS 0x000000003FFF0200 000040
[    0.000000] ACPI: APIC 0x000000003FFF0240 00005C (v02 VBOX   VBOXAPIC 00000001 ASL  00000061)
[    0.000000] ACPI: SSDT 0x000000003FFF02A0 0001CC (v01 VBOX   VBOXCPUT 00000002 INTL 20190509)
[    0.000000] No NUMA configuration found
[    0.000000] Faking a node at [mem 0x0000000000000000-0x000000003ffeffff]
[    0.000000] NODE_DATA(0) allocated [mem 0x3ffc5000-0x3ffeffff]
[    0.000000] kvm-clock: cpu 0, msr 0:3ff44001, primary cpu clock
[    0.000000] kvm-clock: Using msrs 4b564d01 and 4b564d00
[    0.000000] kvm-clock: using sched offset of 8382047273 cycles
[    0.000000] clocksource: kvm-clock: mask: 0xffffffffffffffff max_cycles: 0x1cd42e4dffb, max_idle_ns: 881590591483 ns
[    0.000000] Zone ranges:
[    0.000000]   DMA      [mem 0x0000000000001000-0x0000000000ffffff]
[    0.000000]   DMA32    [mem 0x0000000001000000-0x000000003ffeffff]
[    0.000000]   Normal   empty
[    0.000000]   Device   empty
[    0.000000] Movable zone start for each node
[    0.000000] Early memory node ranges
[    0.000000]   node   0: [mem 0x0000000000001000-0x000000000009efff]
[    0.000000]   node   0: [mem 0x0000000000100000-0x000000003ffeffff]
[    0.000000] Initmem setup node 0 [mem 0x0000000000001000-0x000000003ffeffff]
[    0.000000] Reserved but unavailable: 98 pages
[    0.000000] ACPI: PM-Timer IO Port: 0x4008
[    0.000000] IOAPIC[0]: apic_id 2, version 32, address 0xfec00000, GSI 0-23
[    0.000000] ACPI: INT_SRC_OVR (bus 0 bus_irq 0 global_irq 2 dfl dfl)
[    0.000000] ACPI: INT_SRC_OVR (bus 0 bus_irq 9 global_irq 9 low level)
[    0.000000] Using ACPI (MADT) for SMP configuration information
[    0.000000] smpboot: Allowing 2 CPUs, 0 hotplug CPUs
[    0.000000] PM: Registered nosave memory: [mem 0x00000000-0x00000fff]
[    0.000000] PM: Registered nosave memory: [mem 0x0009f000-0x0009ffff]
[    0.000000] PM: Registered nosave memory: [mem 0x000a0000-0x000effff]
[    0.000000] PM: Registered nosave memory: [mem 0x000f0000-0x000fffff]
[    0.000000] e820: [mem 0x40000000-0xfebfffff] available for PCI devices
[    0.000000] Booting paravirtualized kernel on KVM
[    0.000000] clocksource: refined-jiffies: mask: 0xffffffff max_cycles: 0xffffffff, max_idle_ns: 7645519600211568 ns
[    0.000000] setup_percpu: NR_CPUS:8192 nr_cpumask_bits:2 nr_cpu_ids:2 nr_node_ids:1
[    0.000000] percpu: Embedded 46 pages/cpu @        (ptrval) s151552 r8192 d28672 u1048576
[    0.000000] PV qspinlock hash table entries: 256 (order: 0, 4096 bytes)
[    0.000000] Built 1 zonelists, mobility grouping on.  Total pages: 257913
[    0.000000] Policy zone: DMA32
[    0.000000] Kernel command line: BOOT_IMAGE=/boot/vmlinuz-4.15.0-20-generic root=LABEL=cloudimg-rootfs ro console=tty1 console=ttyS0
[    0.000000] Memory: 983568K/1048120K available (12300K kernel code, 2470K rwdata, 4240K rodata, 2404K init, 2416K bss, 64552K reserved, 0K cma-reserved)
[    0.000000] SLUB: HWalign=64, Order=0-3, MinObjects=0, CPUs=2, Nodes=1
[    0.000000] ftrace: allocating 39065 entries in 153 pages
[    0.004000] Hierarchical RCU implementation.
[    0.004000] 	RCU restricting CPUs from NR_CPUS=8192 to nr_cpu_ids=2.
[    0.004000] 	Tasks RCU enabled.
[    0.004000] RCU: Adjusting geometry for rcu_fanout_leaf=16, nr_cpu_ids=2
[    0.004000] NR_IRQS: 524544, nr_irqs: 440, preallocated irqs: 16
[    0.004000] Console: colour VGA+ 80x25
[    0.004000] console [tty1] enabled
[    0.004000] console [ttyS0] enabled
[    0.004000] ACPI: Core revision 20170831
[    0.004000] ACPI: 2 ACPI AML tables successfully acquired and loaded
[    0.004000] APIC: Switch to symmetric I/O mode setup
[    0.005244] x2apic enabled
[    0.008028] Switched APIC routing to physical x2apic.
[    0.023471] ..TIMER: vector=0x30 apic1=0 pin1=2 apic2=-1 pin2=-1
[    0.024031] tsc: Detected 998.184 MHz processor
[    0.028066] Calibrating delay loop (skipped) preset value.. 1996.36 BogoMIPS (lpj=3992736)
[    0.032034] pid_max: default: 32768 minimum: 301
[    0.036219] Security Framework initialized
[    0.040032] Yama: becoming mindful.
[    0.044197] AppArmor: AppArmor initialized
[    0.056356] Dentry cache hash table entries: 131072 (order: 8, 1048576 bytes)
[    0.060577] Inode-cache hash table entries: 65536 (order: 7, 524288 bytes)
[    0.064138] Mount-cache hash table entries: 2048 (order: 2, 16384 bytes)
[    0.068088] Mountpoint-cache hash table entries: 2048 (order: 2, 16384 bytes)
[    0.076757] CPU: Physical Processor ID: 0
[    0.080023] CPU: Processor Core ID: 0
[    0.084042] mce: CPU supports 0 MCE banks
[    0.088125] Last level iTLB entries: 4KB 512, 2MB 8, 4MB 4
[    0.092030] Last level dTLB entries: 4KB 512, 2MB 8, 4MB 4, 1GB 0
[    0.096031] Spectre V2 : Spectre mitigation: LFENCE not serializing, switching to generic retpoline
[    0.100030] Spectre V2 : Mitigation: Full generic retpoline
[    0.104027] Spectre V2 : Spectre v2 mitigation: Filling RSB on context switch
[    0.108586] Freeing SMP alternatives memory: 36K
[    0.120000] APIC calibration not consistent with PM-Timer: 108ms instead of 100ms
[    0.120000] APIC delta adjusted to PM-Timer: 6258038 (6792173)
[    0.120293] smpboot: CPU0: AMD C-60 APU with Radeon(tm) HD Graphics (family: 0x14, model: 0x2, stepping: 0x0)
[    0.128202] Performance Events: PMU not available due to virtualization, using software events only.
[    0.132482] Hierarchical SRCU implementation.
[    0.138343] NMI watchdog: Perf event create on CPU 0 failed with -2
[    0.140033] NMI watchdog: Perf NMI watchdog permanently disabled
[    0.144454] smp: Bringing up secondary CPUs ...
[    0.148575] x86: Booting SMP configuration:
[    0.152037] .... node  #0, CPUs:      #1
[    0.004000] kvm-clock: cpu 1, msr 0:3ff44041, secondary cpu clock
[    0.004000] mce: CPU supports 0 MCE banks
[    0.200027] smp: Brought up 1 node, 2 CPUs
[    0.204039] smpboot: Max logical packages: 1
[    0.212040] smpboot: Total of 2 processors activated (3992.73 BogoMIPS)
[    0.221194] devtmpfs: initialized
[    0.224324] x86/mm: Memory block size: 128MB
[    0.232697] evm: security.selinux
[    0.236030] evm: security.SMACK64
[    0.240278] evm: security.SMACK64EXEC
[    0.244030] evm: security.SMACK64TRANSMUTE
[    0.248028] evm: security.SMACK64MMAP
[    0.252051] evm: security.apparmor
[    0.256036] evm: security.ima
[    0.260038] evm: security.capability
[    0.272000] clocksource: jiffies: mask: 0xffffffff max_cycles: 0xffffffff, max_idle_ns: 7645041785100000 ns
[    0.276084] futex hash table entries: 512 (order: 3, 32768 bytes)
[    0.285085] pinctrl core: initialized pinctrl subsystem
[    0.292472] RTC time:  2:33:14, date: 02/18/21
[    0.300685] NET: Registered protocol family 16
[    0.304472] audit: initializing netlink subsys (disabled)
[    0.312772] audit: type=2000 audit(1613615601.639:1): state=initialized audit_enabled=0 res=1
[    0.316771] cpuidle: using governor ladder
[    0.328045] cpuidle: using governor menu
[    0.336246] ACPI: bus type PCI registered
[    0.340034] acpiphp: ACPI Hot Plug PCI Controller Driver version: 0.5
[    0.344605] PCI: Using configuration type 1 for base access
[    0.348031] PCI: Using configuration type 1 for extended access
[    0.369514] HugeTLB registered 2.00 MiB page size, pre-allocated 0 pages
[    0.377758] ACPI: Added _OSI(Module Device)
[    0.388038] ACPI: Added _OSI(Processor Device)
[    0.396031] ACPI: Added _OSI(3.0 _SCP Extensions)
[    0.404020] ACPI: Added _OSI(Processor Aggregator Device)
[    0.416864] ACPI: Executed 1 blocks of module-level executable AML code
[    0.453090] ACPI: Interpreter enabled
[    0.460123] ACPI: (supports S0 S5)
[    0.472032] ACPI: Using IOAPIC for interrupt routing
[    0.493770] PCI: Using host bridge windows from ACPI; if necessary, use "pci=nocrs" and report a bug
[    0.520943] ACPI: Enabled 2 GPEs in block 00 to 07
[    0.588133] ACPI: PCI Root Bridge [PCI0] (domain 0000 [bus 00-ff])
[    0.612083] acpi PNP0A03:00: _OSC: OS supports [ExtendedConfig ASPM ClockPM Segments MSI]
[    0.657558] acpi PNP0A03:00: _OSC: platform does not support [PCIeCapability]
[    0.693313] acpi PNP0A03:00: _OSC: not requesting control; platform does not support [PCIeCapability]
[    0.740045] acpi PNP0A03:00: _OSC: OS requested [PCIeHotplug PME AER PCIeCapability]
[    0.776047] acpi PNP0A03:00: _OSC: platform willing to grant [PCIeHotplug PME AER]
[    0.816056] acpi PNP0A03:00: _OSC failed (AE_SUPPORT); disabling ASPM
[    0.854598] PCI host bridge to bus 0000:00
[    0.872274] pci_bus 0000:00: root bus resource [io  0x0000-0x0cf7 window]
[    0.912047] pci_bus 0000:00: root bus resource [io  0x0d00-0xffff window]
[    0.948070] pci_bus 0000:00: root bus resource [mem 0x000a0000-0x000bffff window]
[    0.984050] pci_bus 0000:00: root bus resource [mem 0x40000000-0xfdffffff window]
[    1.024048] pci_bus 0000:00: root bus resource [bus 00-ff]
[    1.076000] pci 0000:00:01.1: legacy IDE quirk: reg 0x10: [io  0x01f0-0x01f7]
[    1.108048] pci 0000:00:01.1: legacy IDE quirk: reg 0x14: [io  0x03f6]
[    1.144043] pci 0000:00:01.1: legacy IDE quirk: reg 0x18: [io  0x0170-0x0177]
[    1.184052] pci 0000:00:01.1: legacy IDE quirk: reg 0x1c: [io  0x0376]
[    1.296021] pci 0000:00:07.0: quirk: [io  0x4000-0x403f] claimed by PIIX4 ACPI
[    1.296024] pci 0000:00:07.0: quirk: [io  0x4100-0x410f] claimed by PIIX4 SMB
[    1.384170] ACPI: PCI Interrupt Link [LNKA] (IRQs 5 9 10 *11)
[    1.412281] ACPI: PCI Interrupt Link [LNKB] (IRQs 5 9 *10 11)
[    1.429012] ACPI: PCI Interrupt Link [LNKC] (IRQs 5 *9 10 11)
[    1.448614] ACPI: PCI Interrupt Link [LNKD] (IRQs 5 9 10 *11)
[    1.470266] SCSI subsystem initialized
[    1.497149] pci 0000:00:02.0: vgaarb: setting as boot VGA device
[    1.500000] pci 0000:00:02.0: vgaarb: VGA device added: decodes=io+mem,owns=io+mem,locks=none
[    1.536059] pci 0000:00:02.0: vgaarb: bridge control possible
[    1.552025] vgaarb: loaded
[    1.560239] ACPI: bus type USB registered
[    1.572182] usbcore: registered new interface driver usbfs
[    1.592145] usbcore: registered new interface driver hub
[    1.608742] usbcore: registered new device driver usb
[    1.634602] EDAC MC: Ver: 3.0.0
[    1.648127] PCI: Using ACPI for IRQ routing
[    1.664077] NetLabel: Initializing
[    1.676023] NetLabel:  domain hash size = 128
[    1.688016] NetLabel:  protocols = UNLABELED CIPSOv4 CALIPSO
[    1.704166] NetLabel:  unlabeled traffic allowed by default
[    1.733286] clocksource: Switched to clocksource kvm-clock
[    1.823483] VFS: Disk quotas dquot_6.6.0
[    1.834330] VFS: Dquot-cache hash table entries: 512 (order 0, 4096 bytes)
[    1.838107] AppArmor: AppArmor Filesystem Enabled
[    1.838107] pnp: PnP ACPI init
[    1.838107] pnp: PnP ACPI: found 3 devices
[    1.926042] clocksource: acpi_pm: mask: 0xffffff max_cycles: 0xffffff, max_idle_ns: 2085701024 ns
[    1.928241] NET: Registered protocol family 2
[    1.973394] TCP established hash table entries: 8192 (order: 4, 65536 bytes)
[    1.976604] TCP bind hash table entries: 8192 (order: 5, 131072 bytes)
[    1.976604] TCP: Hash tables configured (established 8192 bind 8192)
[    1.976604] UDP hash table entries: 512 (order: 2, 16384 bytes)
[    1.976604] UDP-Lite hash table entries: 512 (order: 2, 16384 bytes)
[    1.976604] NET: Registered protocol family 1
[    1.976604] pci 0000:00:00.0: Limiting direct PCI/PCI transfers
[    1.976604] pci 0000:00:01.0: Activating ISA DMA hang workarounds
[    1.976604] pci 0000:00:02.0: Video device with shadowed ROM at [mem 0x000c0000-0x000dffff]
[    1.976604] Unpacking initramfs...
[    3.625104] Freeing initrd memory: 19020K
[    3.634299] platform rtc_cmos: registered platform RTC device (no PNP device found)
[    3.646160] Scanning for low memory corruption every 60 seconds
[    3.656914] Initialise system trusted keyrings
[    3.661590] Key type blacklist registered
[    3.671704] workingset: timestamp_bits=36 max_order=18 bucket_order=0
[    3.688467] zbud: loaded
[    3.718999] squashfs: version 4.0 (2009/01/31) Phillip Lougher
[    3.742093] fuse init (API version 7.26)
[    3.802673] Key type asymmetric registered
[    3.812985] Asymmetric key parser 'x509' registered
[    3.833543] Block layer SCSI generic (bsg) driver version 0.4 loaded (major 246)
[    3.886260] io scheduler noop registered
[    3.913498] io scheduler deadline registered
[    3.931525] io scheduler cfq registered (default)
[    3.957682] ACPI: AC Adapter [AC] (on-line)
[    3.967475] input: Power Button as /devices/LNXSYSTM:00/LNXPWRBN:00/input/input0
[    4.005911] ACPI: Power Button [PWRF]
[    4.019916] input: Sleep Button as /devices/LNXSYSTM:00/LNXSLPBN:00/input/input1
[    4.048825] ACPI: Sleep Button [SLPF]
[    4.062574] Serial: 8250/16550 driver, 32 ports, IRQ sharing enabled
[    4.125490] 00:02: ttyS0 at I/O 0x3f8 (irq = 4, base_baud = 115200) is a 16550A
[    4.195385] Linux agpgart interface v0.103
[    4.251055] loop: module loaded
[    4.283895] scsi host0: ata_piix
[    4.322722] scsi host1: ata_piix
[    4.364896] ata1: PATA max UDMA/33 cmd 0x1f0 ctl 0x3f6 bmdma 0xd000 irq 14
[    4.414738] ata2: PATA max UDMA/33 cmd 0x170 ctl 0x376 bmdma 0xd008 irq 15
[    4.501327] libphy: Fixed MDIO Bus: probed
[    4.560173] tun: Universal TUN/TAP device driver, 1.6
[    4.597845] PPP generic driver version 2.4.2
[    4.615079] ehci_hcd: USB 2.0 'Enhanced' Host Controller (EHCI) Driver
[    4.629611] ehci-pci: EHCI PCI platform driver
[    4.650674] tsc: Refined TSC clocksource calibration: 998.440 MHz
[    4.652444] ehci-platform: EHCI generic platform driver
[    4.652493] ohci_hcd: USB 1.1 'Open' Host Controller (OHCI) Driver
[    4.652563] ohci-pci: OHCI PCI platform driver
[    4.652602] ohci-platform: OHCI generic platform driver
[    4.652699] uhci_hcd: USB Universal Host Controller Interface driver
[    4.653026] i8042: PNP: PS/2 Controller [PNP0303:PS2K,PNP0f03:PS2M] at 0x60,0x64 irq 1,12
[    4.739125] serio: i8042 KBD port at 0x60,0x64 irq 1
[    4.739156] serio: i8042 AUX port at 0x60,0x64 irq 12
[    4.739954] mousedev: PS/2 mouse device common for all mice
[    4.815126] input: AT Translated Set 2 keyboard as /devices/platform/i8042/serio0/input/input2
[    4.816910] rtc_cmos rtc_cmos: rtc core: registered rtc_cmos as rtc0
[    4.817227] rtc_cmos rtc_cmos: alarms up to one day, 114 bytes nvram
[    4.817294] i2c /dev entries driver
[    4.817556] device-mapper: uevent: version 1.0.3
[    4.817943] device-mapper: ioctl: 4.37.0-ioctl (2017-09-20) initialised: dm-devel@redhat.com
[    4.932407] clocksource: tsc: mask: 0xffffffffffffffff max_cycles: 0x1cc8aad5fa7, max_idle_ns: 881590542332 ns
[    4.960990] ledtrig-cpu: registered to indicate activity on CPUs
[    4.980079] NET: Registered protocol family 10
[    5.046685] Segment Routing with IPv6
[    5.054626] NET: Registered protocol family 17
[    5.070767] Key type dns_resolver registered
[    5.082076] RAS: Correctable Errors collector initialized.
[    5.099249] sched_clock: Marking stable (5097883478, 0)->(8171781809, -3073898331)
[    5.130170] registered taskstats version 1
[    5.160577] Loading compiled-in X.509 certificates
[    5.208383] Loaded X.509 cert 'Build time autogenerated kernel key: f4ad6a5babf67650e4ceb385fa5dda8e4a178208'
[    5.230528] zswap: loaded using pool lzo/zbud
[    5.293612] Key type big_key registered
[    5.305261] Key type trusted registered
[    5.344548] Key type encrypted registered
[    5.364253] AppArmor: AppArmor sha1 policy hashing enabled
[    5.379963] ima: No TPM chip found, activating TPM-bypass! (rc=-19)
[    5.402290] evm: HMAC attrs: 0x1
[    5.413534]   Magic number: 9:565:561
[    5.428835] rtc_cmos rtc_cmos: setting system clock to 2021-02-18 02:33:19 UTC (1613615599)
[    5.457962] BIOS EDD facility v0.16 2004-Jun-25, 0 devices found
[    5.479755] EDD information not available.
[    5.541756] Freeing unused kernel memory: 2404K
[    5.564385] Write protecting the kernel read-only data: 20480k
[    5.595042] Freeing unused kernel memory: 2008K
[    5.639908] Freeing unused kernel memory: 1904K
[    5.708240] x86/mm: Checked W+X mappings: passed, no W+X pages found.
Loading, please wait...
starting version 237
[    6.675096] e1000: Intel(R) PRO/1000 Network Driver - version 7.3.21-k8-NAPI
[    6.697962] e1000: Copyright (c) 1999-2006 Intel Corporation.
[    6.803012] Fusion MPT base driver 3.04.20
[    6.817686] Copyright (c) 1999-2008 LSI Corporation
[    7.061834] Fusion MPT SPI Host driver 3.04.20
[    7.089069] input: ImExPS/2 Generic Explorer Mouse as /devices/platform/i8042/serio1/input/input4
[    8.013977] e1000 0000:00:03.0 eth0: (PCI:33MHz:32-bit) 02:d8:8f:db:6c:f1
[    8.021493] e1000 0000:00:03.0 eth0: Intel(R) PRO/1000 Network Connection
[    8.051639] mptbase: ioc0: Initiating bringup
[    8.153744] ioc0: LSI53C1030 A0: Capabilities={Initiator}
[    8.854871] scsi host2: ioc0: LSI53C1030 A0, FwRev=00000000h, Ports=1, MaxQ=256, IRQ=20
[    9.894119] scsi 2:0:0:0: Direct-Access     VBOX     HARDDISK         1.0  PQ: 0 ANSI: 5
[   10.060652] scsi target2:0:0: Beginning Domain Validation
[   10.095252] scsi target2:0:0: Domain Validation skipping write tests
[   10.171433] scsi target2:0:0: Ending Domain Validation
[   10.206214] scsi target2:0:0: asynchronous
[   10.274986] scsi 2:0:1:0: Direct-Access     VBOX     HARDDISK         1.0  PQ: 0 ANSI: 5
[   10.536907] scsi target2:0:1: Beginning Domain Validation
[   10.635082] scsi target2:0:1: Domain Validation skipping write tests
[   10.699978] scsi target2:0:1: Ending Domain Validation
[   10.758569] scsi target2:0:1: asynchronous
[   10.940224] sd 2:0:0:0: Attached scsi generic sg0 type 0
[   10.974258] sd 2:0:1:0: [sdb] 20480 512-byte logical blocks: (10.5 MB/10.0 MiB)
[   11.025397] sd 2:0:1:0: Attached scsi generic sg1 type 0
[   11.057113] sd 2:0:1:0: [sdb] Write Protect is off
[   11.122588] sd 2:0:0:0: [sda] 20971520 512-byte logical blocks: (10.7 GB/10.0 GiB)
[   11.208895] sd 2:0:1:0: [sdb] Incomplete mode parameter data
[   11.278098] sd 2:0:1:0: [sdb] Assuming drive cache: write through
[   11.342563] sd 2:0:0:0: [sda] Write Protect is off
[   11.391593] sd 2:0:0:0: [sda] Incomplete mode parameter data
[   11.452337] sd 2:0:0:0: [sda] Assuming drive cache: write through
[   11.573960]  sda: sda1
[   11.625765] sd 2:0:1:0: [sdb] Attached SCSI disk
[   11.671126] sd 2:0:0:0: [sda] Attached SCSI disk
[   12.186675] e1000 0000:00:08.0 eth1: (PCI:33MHz:32-bit) 08:00:27:59:5b:b5
[   12.198543] e1000 0000:00:08.0 eth1: Intel(R) PRO/1000 Network Connection
[   12.246624] e1000 0000:00:08.0 enp0s8: renamed from eth1
[   12.297753] e1000 0000:00:03.0 enp0s3: renamed from eth0
Begin: Loading essential drivers ... [   17.336107] raid6: sse2x1   gen()   527 MB/s
[   17.400093] raid6: sse2x1   xor()   196 MB/s
[   17.486029] raid6: sse2x2   gen()    48 MB/s
[   17.556334] raid6: sse2x2   xor()   255 MB/s
[   17.644241] raid6: sse2x4   gen()   210 MB/s
[   17.712273] raid6: sse2x4   xor()    63 MB/s
[   17.750860] raid6: using algorithm sse2x1 gen() 527 MB/s
[   17.782971] raid6: .... xor() 196 MB/s, rmw enabled
[   17.808963] raid6: using ssse3x2 recovery algorithm
[   17.859123] xor: measuring software checksum speed
[   17.960773]    prefetch64-sse:  2010.000 MB/sec
[   18.008654]    generic_sse:  1224.000 MB/sec
[   18.029768] xor: using function: prefetch64-sse (2010.000 MB/sec)
[   18.108741] async_tx: api initialized (async)
done.
Begin: Running /scripts/init-premount ... done.
Begin: Mounting root file system ... Begin: Running /scripts/local-top ... done.
Begin: Running /scripts/local-premount ... [   18.596703] Btrfs loaded, crc32c=crc32c-generic
Scanning for Btrfs filesystems
done.
Warning: fsck not present, so skipping root file system
[   18.907233] EXT4-fs (sda1): mounted filesystem with ordered data mode. Opts: (null)
done.
Begin: Running /scripts/local-bottom ... done.
Begin: Running /scripts/init-bottom ... done.
[   21.209945] random: crng init done
[   21.241484] ip_tables: (C) 2000-2006 Netfilter Core Team
[   21.399886] systemd[1]: systemd 237 running in system mode. (+PAM +AUDIT +SELINUX +IMA +APPARMOR +SMACK +SYSVINIT +UTMP +LIBCRYPTSETUP +GCRYPT +GNUTLS +ACL +XZ +LZ4 +SECCOMP +BLKID +ELFUTILS +KMOD -IDN2 +IDN -PCRE2 default-hierarchy=hybrid)
[   21.467726] systemd[1]: Detected virtualization oracle.
[   21.494833] systemd[1]: Detected architecture x86-64.

Welcome to [1mUbuntu 18.04.5 LTS[0m!

[   21.606967] systemd[1]: Set hostname to <ubuntu>.
[   21.674347] systemd[1]: Initializing machine ID from random generator.
[   21.686128] systemd[1]: Installed transient /etc/machine-id file.
[   24.468003] systemd[1]: Set up automount Arbitrary Executable File Formats File System Automount Point.
[[0;32m  OK  [0m] Set up automount Arbitrary Executab…rmats File System Automount Point.
[   24.550302] systemd[1]: Reached target System Time Synchronized.
[[0;32m  OK  [0m] Reached target System Time Synchronized.
[   24.600508] systemd[1]: Created slice User and Session Slice.
[[0;32m  OK  [0m] Created slice User and Session Slice.
[   24.622176] systemd[1]: Created slice System Slice.
[[0;32m  OK  [0m] Created slice System Slice.
[[0;32m  OK  [0m] Listening on /dev/initctl Compatibility Named Pipe.
[[0;32m  OK  [0m] Listening on udev Kernel Socket.
[[0;32m  OK  [0m] Created slice system-serial\x2dgetty.slice.
[[0;32m  OK  [0m] Listening on Journal Socket.
         Starting Load Kernel Modules...
[[0;32m  OK  [0m] Reached target Slices.
         Mounting POSIX Message Queue File System...
[[0;32m  OK  [0m] Listening on Device-mapper event daemon FIFOs.
[[0;32m  OK  [0m] Listening on Syslog Socket.
[[0;32m  OK  [0m] Listening on LVM2 metadata daemon socket.
[   24.910285] Loading iSCSI transport class v2.0-870.
         Starting Monitoring of LVM2 mirrors…ng dmeventd or progress polling...
[[0;32m  OK  [0m] Listening on Journal Socket (/dev/log).
         Mounting Huge Pages File System...
         Starting Set the console keyboard layout...
         Starting Create list of required st…ce nodes for the current kernel...
[[0;32m  OK  [0m] Listening on udev Control Socket.
         Starting udev Coldplug all Devices...
         Starting Remount Root and Kernel File Systems...
[[0;32m  OK  [0m] Listening on Journal Audit Socket.
         Starting Journal Service...
         Starting Uncomplicated firewall...
[[0;32m  OK  [0m] Started Forward Password Requests to Wall Directory Watch.
[[0;32m  OK  [0m] Listening on LVM2 poll daemon socket.
[[0;32m  OK  [0m] Listening on Network Service Netlink Socket.
[[0;32m  OK  [0m] Reached target Swap.
[[0;32m  OK  [0m] Reached target User and Group Name Lookups.
         Mounting Kernel Debug File System...[   25.601007] EXT4-fs (sda1): re-mounted. Opts: (null)

[[0;32m  OK  [0m] Mounted POSIX Message Queue File System.
[[0;32m  OK  [0m] Mounted Huge Pages File System.
[[0;32m  OK  [0m] Started Create list of required sta…vice nodes for the current kernel.[   25.925015] iscsi: registered transport (tcp)

[[0;32m  OK  [0m] Started Remount Root and Kernel File Systems.
[[0;32m  OK  [0m] Started Uncomplicated firewall.
[[0;32m  OK  [0m] Mounted Kernel Debug File System.
         Starting Load/Save Random Seed...
         Starting Create Static Device Nodes in /dev...
[   26.435407] systemd[1]: Started LVM2 metadata daemon.
[[0;32m  OK  [0m] Started LVM2 metadata daemon.
[   26.761354] systemd[1]: Started Load/Save Random Seed.
[[0;32m  OK  [0m] Started Load/Save Random Seed.
[   26.998193] systemd[1]: Started Create Static Device Nodes in /dev.
[[0;32m  OK  [0m] Started Create Static Device Nodes in /dev.
[   27.094463] systemd[1]: Started Monitoring of LVM2 mirrors, snapshots etc. using dmeventd or progress polling.
[[0;32m  OK  [0m] Started Monitoring of LVM2 mirrors,…sing dmeventd or progress polling.
[   27.456238] systemd[1]: Starting udev Kernel Device Manager...
         Starting udev Kernel Device Manager...
[   27.668935] iscsi: registered transport (iser)
[   27.799701] systemd[1]: Started Load Kernel Modules.
[[0;32m  OK  [0m] Started Load Kernel Modules.
[   28.025569] systemd[1]: Starting Apply Kernel Variables...
         Starting Apply Kernel Variables...
[   28.238261] systemd[1]: Mounting FUSE Control File System...
         Mounting FUSE Control File System...
[   28.409635] systemd[1]: Mounting Kernel Configuration File System...
         Mounting Kernel Configuration File System...
[   28.509695] systemd[1]: Mounted FUSE Control File System.
[[0;32m  OK  [0m] Mounted FUSE Control File System.
[[0;32m  OK  [0m] Mounted Kernel Configuration File System.
[[0;32m  OK  [0m] Started Apply Kernel Variables.
[[0;32m  OK  [0m] Started udev Coldplug all Devices.
[[0;32m  OK  [0m] Started Journal Service.
         Starting Flush Journal to Persistent Storage...
[[0;32m  OK  [0m] Started Set the console keyboard layout.
[[0;32m  OK  [0m] Reached target Local File Systems (Pre).
[[0;32m  OK  [0m] Reached target Local File Systems.
         Starting Commit a transient machine-id on disk...
         Starting Set console font and keymap...
         Starting AppArmor initialization...
         Starting Tell Plymouth To Write Out Runtime Data...
         Starting ebtables ruleset management...
[[0;32m  OK  [0m] Started Flush Journal to Persistent Storage.
[[0;32m  OK  [0m] Started Set console font and keymap.
         Starting Create Volatile Files and Directories...
[[0;32m  OK  [0m] Started Commit a transient machine-id on disk.
[[0;32m  OK  [0m] Started Tell Plymouth To Write Out Runtime Data.
[[0;32m  OK  [0m] Started udev Kernel Device Manager.
[[0;32m  OK  [0m] Started Dispatch Password Requests to Console Directory Watch.
[[0;32m  OK  [0m] Reached target Local Encrypted Volumes.
[[0;32m  OK  [0m] Started Create Volatile Files and Directories.
         Starting Update UTMP about System Boot/Shutdown...
[[0;32m  OK  [0m] Started ebtables ruleset management.
[[0;32m  OK  [0m] Started Update UTMP about System Boot/Shutdown.
[[0;32m  OK  [0m] Found device /dev/ttyS0.
[[0;32m  OK  [0m] Listening on Load/Save RF Kill Switch Status /dev/rfkill Watch.
[[0m[0;31m*     [0m] A start job is running for AppArmor initialization (16s / no limit)[K[[0;1;31m*[0m[0;31m*    [0m] A start job is running for AppArmor initialization (17s / no limit)[K[[0;31m*[0;1;31m*[0m[0;31m*   [0m] A start job is running for AppArmor initialization (17s / no limit)[K[ [0;31m*[0;1;31m*[0m[0;31m*  [0m] A start job is running for AppArmor initialization (18s / no limit)[K[  [0;31m*[0;1;31m*[0m[0;31m* [0m] A start job is running for AppArmor initialization (18s / no limit)[K[[0;32m  OK  [0m] Started AppArmor initialization.
         Starting Load AppArmor profiles managed internally by snapd...
         Starting Initial cloud-init job (pre-networking)...
[[0;32m  OK  [0m] Started Load AppArmor profiles managed internally by snapd.
[   58.062028] cloud-init[530]: Cloud-init v. 20.3-2-g371b392c-0ubuntu1~18.04.1 running 'init-local' at Thu, 18 Feb 2021 02:34:08 +0000. Up 54.17 seconds.
[[0;32m  OK  [0m] Started Initial cloud-init job (pre-networking).
[[0;32m  OK  [0m] Reached target Network (Pre).
         Starting Network Service...
[[0;32m  OK  [0m] Started Network Service.
         Starting Wait for Network to be Configured...
         Starting Network Name Resolution...
[[0;32m  OK  [0m] Started Network Name Resolution.
[[0;32m  OK  [0m] Reached target Host and Network Name Lookups.
[[0;32m  OK  [0m] Reached target Network.
[[0;32m  OK  [0m] Started Wait for Network to be Configured.
         Starting Initial cloud-init job (metadata service crawler)...
[   71.037671] cloud-init[629]: Cloud-init v. 20.3-2-g371b392c-0ubuntu1~18.04.1 running 'init' at Thu, 18 Feb 2021 02:34:22 +0000. Up 68.13 seconds.
[   71.125595] cloud-init[629]: ci-info: ++++++++++++++++++++++++++++++++++++++Net device info+++++++++++++++++++++++++++++++++++++++
[   71.189676] cloud-init[629]: ci-info: +--------+-------+----------------------------+---------------+--------+-------------------+
[   71.299097] cloud-init[629]: ci-info: | Device |   Up  |          Address           |      Mask     | Scope  |     Hw-Address    |
[   71.342030] cloud-init[629]: ci-info: +--------+-------+----------------------------+---------------+--------+-------------------+
[   71.377861] cloud-init[629]: ci-info: | enp0s3 |  True |         10.0.2.15          | 255.255.255.0 | global | 02:d8:8f:db:6c:f1 |
[   71.433710] cloud-init[629]: ci-info: | enp0s3 |  True | fe80::d8:8fff:fedb:6cf1/64 |       .       |  link  | 02:d8:8f:db:6c:f1 |
[   71.484774] cloud-init[629]: ci-info: | enp0s8 | False |             .              |       .       |   .    | 08:00:27:59:5b:b5 |
[   71.524636] cloud-init[629]: ci-info: |   lo   |  True |         127.0.0.1          |   255.0.0.0   |  host  |         .         |
[   71.581712] cloud-init[629]: ci-info: |   lo   |  True |          ::1/128           |       .       |  host  |         .         |
[   71.673884] cloud-init[629]: ci-info: +--------+-------+----------------------------+---------------+--------+-------------------+
[   71.815182] cloud-init[629]: ci-info: ++++++++++++++++++++++++++++Route IPv4 info+++++++++++++++++++++++++++++
[   71.923972] cloud-init[629]: ci-info: +-------+-------------+----------+-----------------+-----------+-------+
[   72.018707] cloud-init[629]: ci-info: | Route | Destination | Gateway  |     Genmask     | Interface | Flags |
[   72.061106] cloud-init[629]: ci-info: +-------+-------------+----------+-----------------+-----------+-------+
[   72.088631] cloud-init[629]: ci-info: |   0   |   0.0.0.0   | 10.0.2.2 |     0.0.0.0     |   enp0s3  |   UG  |
[   72.118763] cloud-init[629]: ci-info: |   1   |   10.0.2.0  | 0.0.0.0  |  255.255.255.0  |   enp0s3  |   U   |
[   72.154204] cloud-init[629]: ci-info: |   2   |   10.0.2.2  | 0.0.0.0  | 255.255.255.255 |   enp0s3  |   UH  |
[   72.200678] cloud-init[629]: ci-info: +-------+-------------+----------+-----------------+-----------+-------+
[   72.254992] cloud-init[629]: ci-info: +++++++++++++++++++Route IPv6 info+++++++++++++++++++
[   72.321809] cloud-init[629]: ci-info: +-------+-------------+---------+-----------+-------+
[   72.361318] cloud-init[629]: ci-info: | Route | Destination | Gateway | Interface | Flags |
[   72.416984] cloud-init[629]: ci-info: +-------+-------------+---------+-----------+-------+
[   72.467019] cloud-init[629]: ci-info: |   1   |  fe80::/64  |    ::   |   enp0s3  |   U   |
[   72.496262] cloud-init[629]: ci-info: |   3   |    local    |    ::   |   enp0s3  |   U   |
[   72.534716] cloud-init[629]: ci-info: |   4   |   ff00::/8  |    ::   |   enp0s3  |   U   |
[   72.554380] cloud-init[629]: ci-info: +-------+-------------+---------+-----------+-------+
[   81.317708] cloud-init[629]: Generating public/private rsa key pair.
[   81.382953] cloud-init[629]: Your identification has been saved in /etc/ssh/ssh_host_rsa_key.
[   81.460778] cloud-init[629]: Your public key has been saved in /etc/ssh/ssh_host_rsa_key.pub.
[   81.581970] cloud-init[629]: The key fingerprint is:
[   81.642883] cloud-init[629]: SHA256:6tKVGR7/XYT/iWksn7zHX8/inpNr1WLKolyE/Mr/AnE root@ubuntu-bionic
[   81.655344] cloud-init[629]: The key's randomart image is:
[   81.675737] cloud-init[629]: +---[RSA 2048]----+
[   81.689520] cloud-init[629]: |                 |
[   81.704776] cloud-init[629]: |                 |
[   81.713872] cloud-init[629]: |               . |
[   81.726313] cloud-init[629]: |       .+.E   . .|
[   81.747032] cloud-init[629]: |       .SO.    o.|
[   81.762962] cloud-init[629]: |       .*o.   o =|
[   81.776609] cloud-init[629]: |     ... .oo.++=+|
[   81.788644] cloud-init[629]: |    ...o oo.==B*+|
[   81.867263] cloud-init[629]: |     .. =o.+=OB+=|
[   81.917020] cloud-init[629]: +----[SHA256]-----+
[   81.980180] cloud-init[629]: Generating public/private dsa key pair.
[   82.047207] cloud-init[629]: Your identification has been saved in /etc/ssh/ssh_host_dsa_key.
[   82.093160] cloud-init[629]: Your public key has been saved in /etc/ssh/ssh_host_dsa_key.pub.
[   82.136516] cloud-init[629]: The key fingerprint is:
[   82.167926] cloud-init[629]: SHA256:eXpf5rs2bfC0TEvoMDCxUIx3U8QmUjgNSERG+1Em/J8 root@ubuntu-bionic
[   82.224418] cloud-init[629]: The key's randomart image is:
[   82.248424] cloud-init[629]: +---[DSA 1024]----+
[   82.276861] cloud-init[629]: |      =**+=++o   |
[   82.331122] cloud-init[629]: |      .+.O+= o   |
[   82.373268] cloud-init[629]: |       .o.B +    |
[   82.414275] cloud-init[629]: |        .=..     |
[   82.448418] cloud-init[629]: |        S.+ . o  |
[   82.482202] cloud-init[629]: |         o o E.o.|
[   82.513584] cloud-init[629]: |        . . + *=o|
[   82.531524] cloud-init[629]: |         . . =o++|
[   82.566036] cloud-init[629]: |            ..+= |
[   82.584554] cloud-init[629]: +----[SHA256]-----+
[   82.604711] cloud-init[629]: Generating public/private ecdsa key pair.
[   82.649005] cloud-init[629]: Your identification has been saved in /etc/ssh/ssh_host_ecdsa_key.
[   82.750100] cloud-init[629]: Your public key has been saved in /etc/ssh/ssh_host_ecdsa_key.pub.
[   82.821469] cloud-init[629]: The key fingerprint is:
[   82.847942] cloud-init[629]: SHA256:lwD4DuhtBFn3SGhAnAgZWr+1P/4iRVy9205eW3+bqac root@ubuntu-bionic
[   82.912083] cloud-init[629]: The key's randomart image is:
[   82.967190] cloud-init[629]: +---[ECDSA 256]---+
[   82.997016] cloud-init[629]: |+*+=.o+    .     |
[   83.051062] cloud-init[629]: |+.=.+o +  . .    |
[   83.090293] cloud-init[629]: |.  +..o.o.   .   |
[   83.172741] cloud-init[629]: |  . oo..o. ..    |
[   83.218997] cloud-init[629]: | . o.o..S o  o   |
[   83.285948] cloud-init[629]: |  . o ....  . o o|
[   83.334314] cloud-init[629]: |   .   .o    + .+|
[   83.360715] cloud-init[629]: |      ....    oo=|
[   83.389983] cloud-init[629]: |       ..o.  E++o|
[   83.428554] cloud-init[629]: +----[SHA256]-----+
[   83.467779] cloud-init[629]: Generating public/private ed25519 key pair.
[   83.521477] cloud-init[629]: Your identification has been saved in /etc/ssh/ssh_host_ed25519_key.
[   83.562555] cloud-init[629]: Your public key has been saved in /etc/ssh/ssh_host_ed25519_key.pub.
[   83.608626] cloud-init[629]: The key fingerprint is:
[   83.634283] cloud-init[629]: SHA256:nOrZqzUSX7B+dxgjIqylYeaJ2K7QkCiKuwhxvra1444 root@ubuntu-bionic
[   83.682803] cloud-init[629]: The key's randomart image is:
[   83.713434] cloud-init[629]: +--[ED25519 256]--+
[   83.735253] cloud-init[629]: |                 |
[   83.781376] cloud-init[629]: |                 |
[   83.816168] cloud-init[629]: |        .        |
[   83.884518] cloud-init[629]: |..   . . +       |
[   83.970227] cloud-init[629]: |* . + = S o o    |
[   84.118298] cloud-init[629]: |+O = * * o . +   |
[   84.226164] cloud-init[629]: |* = * o = . o .  |
[   84.329310] cloud-init[629]: |+o.+.o = o . .   |
[   84.390943] cloud-init[629]: |=+E++.+.o.       |
[   84.437179] cloud-init[629]: +----[SHA256]-----+
[[0;32m  OK  [0m] Started Initial cloud-init job (metadata service crawler).
[[0;32m  OK  [0m] Reached target Cloud-config availability.
[[0;32m  OK  [0m] Reached target System Initialization.
         Starting Socket activation for snappy daemon.
[[0;32m  OK  [0m] Started ACPI Events Check.
         Starting LXD - unix socket.
[[0;32m  OK  [0m] Started Daily Cleanup of Temporary Directories.
[[0;32m  OK  [0m] Started Message of the Day.
[[0;32m  OK  [0m] Listening on D-Bus System Message Bus Socket.
[[0;32m  OK  [0m] Started Discard unused blocks once a week.
[[0;32m  OK  [0m] Started Daily apt download activities.
[[0;32m  OK  [0m] Listening on ACPID Listen Socket.
[[0;32m  OK  [0m] Started Daily apt upgrade and clean activities.
[[0;32m  OK  [0m] Reached target Timers.
[[0;32m  OK  [0m] Reached target Paths.
[[0;32m  OK  [0m] Listening on Open-iSCSI iscsid Socket.
[[0;32m  OK  [0m] Listening on UUID daemon activation socket.
[[0;32m  OK  [0m] Reached target Network is Online.
[[0;32m  OK  [0m] Reached target Remote File Systems (Pre).
[[0;32m  OK  [0m] Reached target Remote File Systems.
         Starting Availability of block devices...
[[0;32m  OK  [0m] Listening on Socket activation for snappy daemon.
[[0;32m  OK  [0m] Listening on LXD - unix socket.
[[0;32m  OK  [0m] Started Availability of block devices.
[[0;32m  OK  [0m] Reached target Sockets.
[[0;32m  OK  [0m] Reached target Basic System.
         Starting System Logging Service...
         Starting LXD - container startup/shutdown...
         Starting LSB: automatic crash report generation...
[[0;32m  OK  [0m] Started FUSE filesystem for LXC.
[[0;32m  OK  [0m] Started irqbalance daemon.
         Starting LSB: Record successful boot for GRUB...
         Starting Dispatcher daemon for systemd-networkd...
[[0;32m  OK  [0m] Started Regular background program processing daemon.
         Starting Accounts Service...
[[0;32m  OK  [0m] Started D-Bus System Message Bus.
         Starting Virtualbox guest utils...
         Starting Snap Daemon...
[[0;32m  OK  [0m] Started Deferred execution scheduler.
         Starting Permit User Sessions...
         Starting Login Service...
         Starting Pollinate to seed the pseudo random number generator...
[[0;32m  OK  [0m] Started System Logging Service.
         Starting Authorization Manager...
[[0;32m  OK  [0m] Started Permit User Sessions.
         Starting Terminate Plymouth Boot Screen...
         Starting Hold until boot process finishes up...
[[0;32m  OK  [0m] Started Terminate Plymouth Boot Screen.
[[0;32m  OK  [0m] Started Hold until boot process finishes up.
[[0;32m  OK  [0m] Started Serial Getty on ttyS0.
         Starting Set console scheme...
[[0;32m  OK  [0m] Started LSB: automatic crash report generation.
[[0;32m  OK  [0m] Started Set console scheme.
[[0;32m  OK  [0m] Started LSB: Record successful boot for GRUB.
[[0;32m  OK  [0m] Created slice system-getty.slice.
[[0;32m  OK  [0m] Started Getty on tty1.
[[0;32m  OK  [0m] Reached target Login Prompts.
[[0;32m  OK  [0m] Started Authorization Manager.
[[0;32m  OK  [0m] Started Login Service.
[[0;32m  OK  [0m] Started Unattended Upgrades Shutdown.
[[0;32m  OK  [0m] Started Accounts Service.
[[0;32m  OK  [0m] Started LXD - container startup/shutdown.
[[0;32m  OK  [0m] Started Virtualbox guest utils.

Ubuntu 18.04.5 LTS ubuntu-bionic ttyS0

ubuntu-bionic login: [  135.228486] cloud-init[1074]: Cloud-init v. 20.3-2-g371b392c-0ubuntu1~18.04.1 running 'modules:config' at Thu, 18 Feb 2021 02:35:19 +0000. Up 125.27 seconds.
ci-info: no authorized SSH keys fingerprints found for user ubuntu.
<14>Feb 18 02:35:41 ec2: 
<14>Feb 18 02:35:41 ec2: #############################################################
<14>Feb 18 02:35:41 ec2: -----BEGIN SSH HOST KEY FINGERPRINTS-----
<14>Feb 18 02:35:41 ec2: 1024 SHA256:eXpf5rs2bfC0TEvoMDCxUIx3U8QmUjgNSERG+1Em/J8 root@ubuntu-bionic (DSA)
<14>Feb 18 02:35:41 ec2: 256 SHA256:lwD4DuhtBFn3SGhAnAgZWr+1P/4iRVy9205eW3+bqac root@ubuntu-bionic (ECDSA)
<14>Feb 18 02:35:41 ec2: 256 SHA256:nOrZqzUSX7B+dxgjIqylYeaJ2K7QkCiKuwhxvra1444 root@ubuntu-bionic (ED25519)
<14>Feb 18 02:35:42 ec2: 2048 SHA256:6tKVGR7/XYT/iWksn7zHX8/inpNr1WLKolyE/Mr/AnE root@ubuntu-bionic (RSA)
<14>Feb 18 02:35:42 ec2: -----END SSH HOST KEY FINGERPRINTS-----
<14>Feb 18 02:35:42 ec2: #############################################################
-----BEGIN SSH HOST KEY KEYS-----
ecdsa-sha2-nistp256 AAAAE2VjZHNhLXNoYTItbmlzdHAyNTYAAAAIbmlzdHAyNTYAAABBBKfwbAjmZejefBvWP/J8VPUF6B0cOrCm/kmxO6pLhbhC4wneWPs6dWopmx3Q59MCFJwzJ+ZEe2XEYH3Q2LGjXoY= root@ubuntu-bionic
ssh-ed25519 AAAAC3NzaC1lZDI1NTE5AAAAIPYhG3k9yFPWRiWMFsODNlt4aZLMcsUPjQwfxKfa1nI0 root@ubuntu-bionic
ssh-rsa AAAAB3NzaC1yc2EAAAADAQABAAABAQC/w55gV9WQJkF6uiuOFEWzbIBH42Ewd816KMudnXYyRNpMa7Ysw3IgBc6KHxsWWiCxb/XGW3VbX9j9HBIajIndEnJaOsUzbEeI4RDX9dzZOpjnVT1XrYX7P3b/KYWpIIfw87HOxpkC2xACe+XP9QLh5bk2VpFboaMvniulo16N6gEenKHVSI0KixE62tAaMg8hCT77oEhVWqXlwq7aAh4y11ghLeX7FyZvsCzHcMLEl7YbM7jxHHWqmu5tWvflwSIcKgfZVOmi/GEb9DmbPVG0fvWcYYNWNIjhCs5d1pnmlKdpZrtiF4qVJ4aG8QfeR5UuQvDhQBECxxZO+RJhZGZN root@ubuntu-bionic
-----END SSH HOST KEY KEYS-----
[  149.744625] cloud-init[1310]: Cloud-init v. 20.3-2-g371b392c-0ubuntu1~18.04.1 running 'modules:final' at Thu, 18 Feb 2021 02:35:36 +0000. Up 142.81 seconds.
[  149.980284] cloud-init[1310]: ci-info: no authorized SSH keys fingerprints found for user ubuntu.
[  150.069240] cloud-init[1310]: Cloud-init v. 20.3-2-g371b392c-0ubuntu1~18.04.1 finished at Thu, 18 Feb 2021 02:35:43 +0000. Datasource DataSourceNoCloud [seed=/dev/sdb][dsmode=net].  Up 149.03 seconds
[[0;32m  OK  [0m] Stopped target Graphical Interface.
[[0;32m  OK  [0m] Stopped target Cloud-init target.
         Stopping User Manager for UID 1000...
         Stopping Session 8 of user vagrant.
         Stopping Availability of block devices...
[[0;32m  OK  [0m] Closed Load/Save RF Kill Switch Status /dev/rfkill Watch.
[[0;32m  OK  [0m] Stopped Execute cloud user/final scripts.
[[0;32m  OK  [0m] Stopped Apply the settings specified in cloud-config.
[[0;32m  OK  [0m] Stopped target Cloud-config availability.
         Stopping Accounts Service...
         Stopping Authorization Manager...
[[0;32m  OK  [0m] Stopped target Multi-User System.
         Stopping Regular background program processing daemon...
[[0;32m  OK  [0m] Stopped Wait until snapd is fully seeded.
         Stopping irqbalance daemon...
[[0;32m  OK  [0m] Stopped PostgreSQL RDBMS.
         Stopping PostgreSQL Cluster 13-main...
         Stopping OpenBSD Secure Shell server...
         Stopping Dispatcher daemon for systemd-networkd...
         Stopping LSB: automatic crash report generation...
         Stopping Virtualbox guest utils...
[[0;32m  OK  [0m] Stopped target Login Prompts.
         Stopping Serial Getty on ttyS0...
         Stopping LSB: Record successful boot for GRUB...
         Stopping LXD - container startup/shutdown...
         Stopping The Apache HTTP Server...
         Stopping FUSE filesystem for LXC...
         Stopping D-Bus System Message Bus...
         Stopping System Logging Service...
[[0;32m  OK  [0m] Stopped target Network is Online.
         Stopping Unattended Upgrades Shutdown...
         Stopping Getty on tty1...
         Stopping Deferred execution scheduler...
[[0;32m  OK  [0m] Stopped target Timers.
[[0;32m  OK  [0m] Stopped Daily Cleanup of Temporary Directories.
[[0;32m  OK  [0m] Stopped Discard unused blocks once a week.
[[0;32m  OK  [0m] Stopped Message of the Day.
[[0;32m  OK  [0m] Stopped Daily apt upgrade and clean activities.
[[0;32m  OK  [0m] Stopped Daily apt download activities.
[[0;32m  OK  [0m] Stopped target System Time Synchronized.
[[0;32m  OK  [0m] Unmounted /var/lib/lxcfs.
[[0;32m  OK  [0m] Stopped System Logging Service.
[[0;32m  OK  [0m] Stopped irqbalance daemon.
[[0;32m  OK  [0m] Stopped Dispatcher daemon for systemd-networkd.
[[0;32m  OK  [0m] Stopped Regular background program processing daemon.
[[0;32m  OK  [0m] Stopped Accounts Service.
[[0;32m  OK  [0m] Stopped Deferred execution scheduler.
[[0;32m  OK  [0m] Stopped Authorization Manager.
[[0;32m  OK  [0m] Stopped Serial Getty on ttyS0.
[[0;32m  OK  [0m] Stopped Getty on tty1.
[[0;32m  OK  [0m] Stopped OpenBSD Secure Shell server.
[[0;32m  OK  [0m] Stopped User Manager for UID 1000.
[[0;32m  OK  [0m] Stopped D-Bus System Message Bus.
[[0;32m  OK  [0m] Stopped FUSE filesystem for LXC.
[[0;32m  OK  [0m] Stopped Session 8 of user vagrant.
[[0;32m  OK  [0m] Stopped LXD - container startup/shutdown.
[[0;32m  OK  [0m] Removed slice User Slice of vagrant.
[[0;32m  OK  [0m] Removed slice system-getty.slice.
[[0;32m  OK  [0m] Removed slice system-serial\x2dgetty.slice.
         Stopping Permit User Sessions...
[[0;32m  OK  [0m] Stopped Unattended Upgrades Shutdown.
[[0;32m  OK  [0m] Stopped LSB: Record successful boot for GRUB.
         Stopping Login Service...
[[0;32m  OK  [0m] Stopped Permit User Sessions.
[[0;32m  OK  [0m] Stopped Login Service.
[[0;32m  OK  [0m] Stopped Availability of block devices.
[[0;32m  OK  [0m] Stopped LSB: automatic crash report generation.
[[0;32m  OK  [0m] Stopped target User and Group Name Lookups.
[[0;32m  OK  [0m] Stopped Virtualbox guest utils.
[[0;32m  OK  [0m] Stopped PostgreSQL Cluster 13-main.
[[0;32m  OK  [0m] Removed slice system-postgresql.slice.
[[0;32m  OK  [0m] Stopped The Apache HTTP Server.
[[0;32m  OK  [0m] Stopped target Network.
[[0;32m  OK  [0m] Stopped target Basic System.
[[0;32m  OK  [0m] Stopped target Slices.
[[0;32m  OK  [0m] Removed slice User and Session Slice.
[[0;32m  OK  [0m] Stopped target Sockets.
[[0;32m  OK  [0m] Closed Open-iSCSI iscsid Socket.
[[0;32m  OK  [0m] Closed UUID daemon activation socket.
[[0;32m  OK  [0m] Closed ACPID Listen Socket.
[[0;32m  OK  [0m] Closed Socket activation for snappy daemon.
[[0;32m  OK  [0m] Closed D-Bus System Message Bus Socket.
[[0;32m  OK  [0m] Closed LXD - unix socket.
[[0;32m  OK  [0m] Closed Syslog Socket.
[[0;32m  OK  [0m] Stopped target Paths.
[[0;32m  OK  [0m] Stopped ACPI Events Check.
[[0;32m  OK  [0m] Stopped target System Initialization.
         Stopping Update UTMP about System Boot/Shutdown...
[[0;32m  OK  [0m] Stopped Commit a transient machine-id on disk.
[[0;32m  OK  [0m] Stopped Initial cloud-init job (metadata service crawler).
[[0;32m  OK  [0m] Stopped target Local Encrypted Volumes.
[[0;32m  OK  [0m] Stopped Dispatch Password Requests to Console Directory Watch.
         Stopping Load/Save Random Seed...
[[0;32m  OK  [0m] Stopped Forward Password Requests to Wall Directory Watch.
[[0;32m  OK  [0m] Stopped target Remote File Systems.
[[0;32m  OK  [0m] Stopped target Remote File Systems (Pre).
[[0;32m  OK  [0m] Stopped target Host and Network Name Lookups.
         Stopping Network Name Resolution...
[[0;32m  OK  [0m] Stopped Update UTMP about System Boot/Shutdown.
[[0;32m  OK  [0m] Stopped Network Name Resolution.
[[0;32m  OK  [0m] Stopped Create Volatile Files and Directories.
[[0;32m  OK  [0m] Stopped target Local File Systems.
         Unmounting /run/user/1000...
         Unmounting /vagrant...
         Stopping Network Service...
[[0;32m  OK  [0m] Stopped Load/Save Random Seed.
[[0;32m  OK  [0m] Unmounted /run/user/1000.
[[0;32m  OK  [0m] Unmounted /vagrant.
[[0;32m  OK  [0m] Stopped Network Service.
[[0;32m  OK  [0m] Stopped target Network (Pre).
[[0;32m  OK  [0m] Stopped Initial cloud-init job (pre-networking).
[[0;32m  OK  [0m] Stopped Apply Kernel Variables.
[[0;32m  OK  [0m] Stopped Load Kernel Modules.
[[0;32m  OK  [0m] Reached target Unmount All Filesystems.
[[0;32m  OK  [0m] Stopped target Local File Systems (Pre).
[[0;32m  OK  [0m] Stopped Create Static Device Nodes in /dev.
[[0;32m  OK  [0m] Stopped Remount Root and Kernel File Systems.
         Stopping Monitoring of LVM2 mirrors…ng dmeventd or progress polling...
[[0;32m  OK  [0m] Stopped target Swap.
[[0;32m  OK  [0m] Reached target Shutdown.
[[0;32m  OK  [0m] Reached target Final Step.
         Starting Power-Off...
[ 3862.350685] reboot: Power down
